<?xml version="1.0" encoding="UTF-8"?>
<testsuite xmlns:xsi="http://www.w3.org/2001/XMLSchema-instance" xsi:noNamespaceSchemaLocation="https://maven.apache.org/surefire/maven-surefire-plugin/xsd/surefire-test-report.xsd" version="3.0.2" name="com.example.demo.LambdaTest" time="0.015" tests="1" errors="0" skipped="0" failures="0">
  <properties>
[...]
</properties>
  <testcase name="sort" classname="com.example.demo.LambdaTest" time="0.013">
    <system-out><![CDATA[[SampleVO [name=홍길동, age=10], SampleVO [name=최기자, age=15], SampleVO [name=김유신, age=20]]
[SampleVO [name=홍길동, age=10], SampleVO [name=최기자, age=15], SampleVO [name=김유신, age=20]]
]]></system-out>
  </testcase>
</testsuite>